<?xml version="1.0" encoding="UTF-8"?>
<coverage generated="1570650132545" clover="3.2.0">
  <project timestamp="1570650132545" name="All files">
    <metrics statements="111" coveredstatements="108" conditionals="64" coveredconditionals="59" methods="21" coveredmethods="20" elements="196" coveredelements="187" complexity="0" loc="111" ncloc="111" packages="1" files="3" classes="3"/>
    <file name="book.repository.js" path="/home/albert/Documents/2A/SoftwareTesting/tp-jest/src/book.repository.js">
      <metrics statements="9" coveredstatements="9" conditionals="0" coveredconditionals="0" methods="8" coveredmethods="7"/>
      <line num="7" count="4" type="stmt"/>
      <line num="11" count="1" type="stmt"/>
      <line num="18" count="1" type="stmt"/>
      <line num="25" count="1" type="stmt"/>
      <line num="26" count="1" type="stmt"/>
      <line num="27" count="9" type="stmt"/>
      <line num="29" count="1" type="stmt"/>
      <line num="37" count="3" type="stmt"/>
      <line num="66" count="1" type="stmt"/>
    </file>
    <file name="interval.js" path="/home/albert/Documents/2A/SoftwareTesting/tp-jest/src/interval.js">
      <metrics statements="43" coveredstatements="41" conditionals="28" coveredconditionals="24" methods="7" coveredmethods="7"/>
      <line num="3" count="36" type="stmt"/>
      <line num="4" count="36" type="stmt"/>
      <line num="8" count="11" type="stmt"/>
      <line num="26" count="13" type="cond" truecount="2" falsecount="0"/>
      <line num="46" count="2" type="cond" truecount="2" falsecount="0"/>
      <line num="66" count="4" type="stmt"/>
      <line num="67" count="4" type="cond" truecount="2" falsecount="0"/>
      <line num="68" count="1" type="cond" truecount="2" falsecount="2"/>
      <line num="71" count="3" type="stmt"/>
      <line num="74" count="4" type="stmt"/>
      <line num="94" count="7" type="stmt"/>
      <line num="96" count="7" type="cond" truecount="2" falsecount="0"/>
      <line num="98" count="5" type="stmt"/>
      <line num="99" count="5" type="stmt"/>
      <line num="101" count="5" type="cond" truecount="2" falsecount="0"/>
      <line num="102" count="2" type="stmt"/>
      <line num="104" count="3" type="stmt"/>
      <line num="107" count="5" type="cond" truecount="2" falsecount="0"/>
      <line num="108" count="4" type="stmt"/>
      <line num="110" count="1" type="stmt"/>
      <line num="112" count="5" type="stmt"/>
      <line num="113" count="5" type="stmt"/>
      <line num="115" count="7" type="stmt"/>
      <line num="135" count="5" type="stmt"/>
      <line num="136" count="5" type="stmt"/>
      <line num="138" count="5" type="cond" truecount="2" falsecount="0"/>
      <line num="139" count="1" type="stmt"/>
      <line num="140" count="1" type="stmt"/>
      <line num="143" count="4" type="cond" truecount="2" falsecount="0"/>
      <line num="144" count="1" type="cond" truecount="1" falsecount="1"/>
      <line num="145" count="0" type="stmt"/>
      <line num="147" count="1" type="stmt"/>
      <line num="150" count="3" type="cond" truecount="2" falsecount="0"/>
      <line num="151" count="1" type="cond" truecount="1" falsecount="1"/>
      <line num="152" count="0" type="stmt"/>
      <line num="154" count="1" type="stmt"/>
      <line num="157" count="2" type="cond" truecount="2" falsecount="0"/>
      <line num="158" count="1" type="stmt"/>
      <line num="159" count="1" type="stmt"/>
      <line num="161" count="1" type="stmt"/>
      <line num="162" count="1" type="stmt"/>
      <line num="165" count="5" type="stmt"/>
      <line num="169" count="1" type="stmt"/>
    </file>
    <file name="math.js" path="/home/albert/Documents/2A/SoftwareTesting/tp-jest/src/math.js">
      <metrics statements="59" coveredstatements="58" conditionals="36" coveredconditionals="35" methods="6" coveredmethods="6"/>
      <line num="1" count="1" type="stmt"/>
      <line num="2" count="1" type="stmt"/>
      <line num="3" count="11" type="cond" truecount="2" falsecount="0"/>
      <line num="4" count="3" type="stmt"/>
      <line num="7" count="8" type="cond" truecount="2" falsecount="0"/>
      <line num="8" count="1" type="stmt"/>
      <line num="11" count="7" type="cond" truecount="2" falsecount="0"/>
      <line num="12" count="1" type="stmt"/>
      <line num="15" count="6" type="stmt"/>
      <line num="26" count="1" type="stmt"/>
      <line num="27" count="21" type="cond" truecount="4" falsecount="0"/>
      <line num="28" count="2" type="stmt"/>
      <line num="30" count="19" type="cond" truecount="2" falsecount="0"/>
      <line num="31" count="1" type="stmt"/>
      <line num="33" count="18" type="stmt"/>
      <line num="34" count="92" type="cond" truecount="2" falsecount="0"/>
      <line num="35" count="11" type="stmt"/>
      <line num="49" count="1" type="stmt"/>
      <line num="51" count="2" type="stmt"/>
      <line num="53" count="2" type="stmt"/>
      <line num="54" count="12" type="cond" truecount="2" falsecount="0"/>
      <line num="55" count="7" type="stmt"/>
      <line num="59" count="2" type="stmt"/>
      <line num="74" count="1" type="stmt"/>
      <line num="75" count="1" type="stmt"/>
      <line num="77" count="1" type="stmt"/>
      <line num="78" count="15" type="cond" truecount="2" falsecount="0"/>
      <line num="79" count="1" type="stmt"/>
      <line num="81" count="14" type="cond" truecount="2" falsecount="0"/>
      <line num="82" count="4" type="stmt"/>
      <line num="84" count="10" type="cond" truecount="2" falsecount="0"/>
      <line num="85" count="2" type="stmt"/>
      <line num="88" count="8" type="stmt"/>
      <line num="91" count="1" type="stmt"/>
      <line num="103" count="1" type="stmt"/>
      <line num="104" count="4" type="stmt"/>
      <line num="106" count="4" type="stmt"/>
      <line num="107" count="25" type="stmt"/>
      <line num="109" count="4" type="stmt"/>
      <line num="111" count="4" type="stmt"/>
      <line num="112" count="25" type="cond" truecount="6" falsecount="0"/>
      <line num="113" count="24" type="cond" truecount="3" falsecount="1"/>
      <line num="114" count="0" type="stmt"/>
      <line num="117" count="24" type="stmt"/>
      <line num="121" count="1" type="stmt"/>
      <line num="124" count="4" type="stmt"/>
      <line num="127" count="1" type="stmt"/>
      <line num="128" count="4" type="stmt"/>
      <line num="129" count="4" type="stmt"/>
      <line num="131" count="4" type="stmt"/>
      <line num="132" count="4" type="stmt"/>
      <line num="133" count="11" type="cond" truecount="2" falsecount="0"/>
      <line num="134" count="8" type="stmt"/>
      <line num="136" count="3" type="stmt"/>
      <line num="137" count="3" type="stmt"/>
      <line num="141" count="4" type="cond" truecount="2" falsecount="0"/>
      <line num="142" count="3" type="stmt"/>
      <line num="145" count="4" type="stmt"/>
      <line num="148" count="1" type="stmt"/>
    </file>
  </project>
</coverage>
