{"/home/albert/Documents/2A/SoftwareTesting/tp-jest/src/book.repository.js": {"path":"/home/albert/Documents/2A/SoftwareTesting/tp-jest/src/book.repository.js","statementMap":{"0":{"start":{"line":7,"column":8},"end":{"line":7,"column":21}},"1":{"start":{"line":11,"column":8},"end":{"line":11,"column":48}},"2":{"start":{"line":62,"column":0},"end":{"line":62,"column":32}}},"fnMap":{"0":{"name":"(anonymous_0)","decl":{"start":{"line":6,"column":4},"end":{"line":6,"column":5}},"loc":{"start":{"line":6,"column":20},"end":{"line":8,"column":5}},"line":6},"1":{"name":"(anonymous_1)","decl":{"start":{"line":10,"column":4},"end":{"line":10,"column":5}},"loc":{"start":{"line":10,"column":16},"end":{"line":12,"column":5}},"line":10},"2":{"name":"(anonymous_2)","decl":{"start":{"line":17,"column":4},"end":{"line":17,"column":5}},"loc":{"start":{"line":17,"column":20},"end":{"line":19,"column":5}},"line":17},"3":{"name":"(anonymous_3)","decl":{"start":{"line":24,"column":4},"end":{"line":24,"column":5}},"loc":{"start":{"line":24,"column":20},"end":{"line":26,"column":5}},"line":24},"4":{"name":"(anonymous_4)","decl":{"start":{"line":32,"column":4},"end":{"line":32,"column":5}},"loc":{"start":{"line":32,"column":28},"end":{"line":34,"column":5}},"line":32},"5":{"name":"(anonymous_5)","decl":{"start":{"line":55,"column":4},"end":{"line":55,"column":5}},"loc":{"start":{"line":55,"column":38},"end":{"line":57,"column":5}},"line":55}},"branchMap":{},"s":{"0":1,"1":1,"2":1},"f":{"0":1,"1":1,"2":0,"3":0,"4":0,"5":0},"b":{},"_coverageSchema":"43e27e138ebf9cfc5966b082cf9a028302ed4184","hash":"381b910116437eb1554e013663cbd85443d55283"}
,"/home/albert/Documents/2A/SoftwareTesting/tp-jest/src/interval.js": {"path":"/home/albert/Documents/2A/SoftwareTesting/tp-jest/src/interval.js","statementMap":{"0":{"start":{"line":3,"column":8},"end":{"line":3,"column":27}},"1":{"start":{"line":4,"column":8},"end":{"line":4,"column":22}},"2":{"start":{"line":8,"column":8},"end":{"line":8,"column":55}},"3":{"start":{"line":26,"column":8},"end":{"line":26,"column":70}},"4":{"start":{"line":46,"column":8},"end":{"line":46,"column":70}},"5":{"start":{"line":66,"column":18},"end":{"line":66,"column":20}},"6":{"start":{"line":67,"column":8},"end":{"line":72,"column":9}},"7":{"start":{"line":68,"column":12},"end":{"line":68,"column":149}},"8":{"start":{"line":71,"column":12},"end":{"line":71,"column":37}},"9":{"start":{"line":74,"column":8},"end":{"line":74,"column":19}},"10":{"start":{"line":94,"column":24},"end":{"line":94,"column":26}},"11":{"start":{"line":96,"column":8},"end":{"line":114,"column":9}},"12":{"start":{"line":98,"column":29},"end":{"line":98,"column":30}},"13":{"start":{"line":99,"column":27},"end":{"line":99,"column":28}},"14":{"start":{"line":101,"column":12},"end":{"line":105,"column":13}},"15":{"start":{"line":102,"column":16},"end":{"line":102,"column":39}},"16":{"start":{"line":104,"column":16},"end":{"line":104,"column":43}},"17":{"start":{"line":107,"column":12},"end":{"line":111,"column":13}},"18":{"start":{"line":108,"column":16},"end":{"line":108,"column":35}},"19":{"start":{"line":110,"column":16},"end":{"line":110,"column":39}},"20":{"start":{"line":112,"column":29},"end":{"line":112,"column":63}},"21":{"start":{"line":113,"column":12},"end":{"line":113,"column":39}},"22":{"start":{"line":115,"column":8},"end":{"line":115,"column":25}},"23":{"start":{"line":139,"column":0},"end":{"line":139,"column":26}}},"fnMap":{"0":{"name":"(anonymous_0)","decl":{"start":{"line":2,"column":4},"end":{"line":2,"column":5}},"loc":{"start":{"line":2,"column":28},"end":{"line":5,"column":5}},"line":2},"1":{"name":"(anonymous_1)","decl":{"start":{"line":7,"column":4},"end":{"line":7,"column":5}},"loc":{"start":{"line":7,"column":15},"end":{"line":9,"column":5}},"line":7},"2":{"name":"(anonymous_2)","decl":{"start":{"line":25,"column":4},"end":{"line":25,"column":5}},"loc":{"start":{"line":25,"column":23},"end":{"line":27,"column":5}},"line":25},"3":{"name":"(anonymous_3)","decl":{"start":{"line":45,"column":4},"end":{"line":45,"column":5}},"loc":{"start":{"line":45,"column":23},"end":{"line":47,"column":5}},"line":45},"4":{"name":"(anonymous_4)","decl":{"start":{"line":65,"column":4},"end":{"line":65,"column":5}},"loc":{"start":{"line":65,"column":20},"end":{"line":75,"column":5}},"line":65},"5":{"name":"(anonymous_5)","decl":{"start":{"line":93,"column":4},"end":{"line":93,"column":5}},"loc":{"start":{"line":93,"column":27},"end":{"line":116,"column":5}},"line":93},"6":{"name":"(anonymous_6)","decl":{"start":{"line":134,"column":4},"end":{"line":134,"column":5}},"loc":{"start":{"line":134,"column":24},"end":{"line":136,"column":5}},"line":134}},"branchMap":{"0":{"loc":{"start":{"line":26,"column":15},"end":{"line":26,"column":69}},"type":"binary-expr","locations":[{"start":{"line":26,"column":15},"end":{"line":26,"column":40}},{"start":{"line":26,"column":44},"end":{"line":26,"column":69}}],"line":26},"1":{"loc":{"start":{"line":46,"column":15},"end":{"line":46,"column":69}},"type":"binary-expr","locations":[{"start":{"line":46,"column":15},"end":{"line":46,"column":42}},{"start":{"line":46,"column":46},"end":{"line":46,"column":69}}],"line":46},"2":{"loc":{"start":{"line":67,"column":8},"end":{"line":72,"column":9}},"type":"if","locations":[{"start":{"line":67,"column":8},"end":{"line":72,"column":9}},{"start":{"line":67,"column":8},"end":{"line":72,"column":9}}],"line":67},"3":{"loc":{"start":{"line":68,"column":35},"end":{"line":68,"column":92}},"type":"cond-expr","locations":[{"start":{"line":68,"column":65},"end":{"line":68,"column":75}},{"start":{"line":68,"column":78},"end":{"line":68,"column":92}}],"line":68},"4":{"loc":{"start":{"line":68,"column":95},"end":{"line":68,"column":145}},"type":"cond-expr","locations":[{"start":{"line":68,"column":122},"end":{"line":68,"column":130}},{"start":{"line":68,"column":133},"end":{"line":68,"column":145}}],"line":68},"5":{"loc":{"start":{"line":96,"column":8},"end":{"line":114,"column":9}},"type":"if","locations":[{"start":{"line":96,"column":8},"end":{"line":114,"column":9}},{"start":{"line":96,"column":8},"end":{"line":114,"column":9}}],"line":96},"6":{"loc":{"start":{"line":101,"column":12},"end":{"line":105,"column":13}},"type":"if","locations":[{"start":{"line":101,"column":12},"end":{"line":105,"column":13}},{"start":{"line":101,"column":12},"end":{"line":105,"column":13}}],"line":101},"7":{"loc":{"start":{"line":107,"column":12},"end":{"line":111,"column":13}},"type":"if","locations":[{"start":{"line":107,"column":12},"end":{"line":111,"column":13}},{"start":{"line":107,"column":12},"end":{"line":111,"column":13}}],"line":107}},"s":{"0":19,"1":19,"2":11,"3":8,"4":2,"5":4,"6":4,"7":1,"8":3,"9":4,"10":2,"11":2,"12":1,"13":1,"14":1,"15":0,"16":1,"17":1,"18":1,"19":0,"20":1,"21":1,"22":2,"23":1},"f":{"0":19,"1":11,"2":8,"3":2,"4":4,"5":2,"6":0},"b":{"0":[8,5],"1":[2,1],"2":[1,3],"3":[1,0],"4":[1,0],"5":[1,1],"6":[0,1],"7":[1,0]},"_coverageSchema":"43e27e138ebf9cfc5966b082cf9a028302ed4184","hash":"52f15bfd96a245a79413585e0ddf41b2fc7a58bd"}
,"/home/albert/Documents/2A/SoftwareTesting/tp-jest/src/math.js": {"path":"/home/albert/Documents/2A/SoftwareTesting/tp-jest/src/math.js","statementMap":{"0":{"start":{"line":1,"column":11},"end":{"line":1,"column":13}},"1":{"start":{"line":2,"column":0},"end":{"line":16,"column":2}},"2":{"start":{"line":3,"column":4},"end":{"line":5,"column":5}},"3":{"start":{"line":4,"column":8},"end":{"line":4,"column":17}},"4":{"start":{"line":7,"column":4},"end":{"line":9,"column":5}},"5":{"start":{"line":8,"column":8},"end":{"line":8,"column":27}},"6":{"start":{"line":11,"column":4},"end":{"line":13,"column":5}},"7":{"start":{"line":12,"column":8},"end":{"line":12,"column":29}},"8":{"start":{"line":15,"column":4},"end":{"line":15,"column":37}},"9":{"start":{"line":26,"column":0},"end":{"line":37,"column":2}},"10":{"start":{"line":27,"column":4},"end":{"line":29,"column":5}},"11":{"start":{"line":28,"column":8},"end":{"line":28,"column":21}},"12":{"start":{"line":30,"column":4},"end":{"line":32,"column":5}},"13":{"start":{"line":31,"column":8},"end":{"line":31,"column":49}},"14":{"start":{"line":33,"column":4},"end":{"line":34,"column":38}},"15":{"start":{"line":33,"column":17},"end":{"line":33,"column":18}},"16":{"start":{"line":34,"column":8},"end":{"line":34,"column":38}},"17":{"start":{"line":34,"column":25},"end":{"line":34,"column":38}},"18":{"start":{"line":35,"column":4},"end":{"line":35,"column":16}},"19":{"start":{"line":49,"column":0},"end":{"line":60,"column":2}},"20":{"start":{"line":51,"column":4},"end":{"line":51,"column":12}},"21":{"start":{"line":53,"column":4},"end":{"line":57,"column":5}},"22":{"start":{"line":53,"column":17},"end":{"line":53,"column":18}},"23":{"start":{"line":54,"column":8},"end":{"line":56,"column":9}},"24":{"start":{"line":55,"column":12},"end":{"line":55,"column":21}},"25":{"start":{"line":59,"column":4},"end":{"line":59,"column":15}},"26":{"start":{"line":74,"column":0},"end":{"line":92,"column":2}},"27":{"start":{"line":75,"column":16},"end":{"line":75,"column":18}},"28":{"start":{"line":77,"column":4},"end":{"line":90,"column":5}},"29":{"start":{"line":77,"column":17},"end":{"line":77,"column":18}},"30":{"start":{"line":78,"column":8},"end":{"line":89,"column":9}},"31":{"start":{"line":79,"column":12},"end":{"line":79,"column":35}},"32":{"start":{"line":81,"column":13},"end":{"line":89,"column":9}},"33":{"start":{"line":82,"column":12},"end":{"line":82,"column":31}},"34":{"start":{"line":84,"column":13},"end":{"line":89,"column":9}},"35":{"start":{"line":85,"column":12},"end":{"line":85,"column":31}},"36":{"start":{"line":88,"column":12},"end":{"line":88,"column":26}},"37":{"start":{"line":91,"column":4},"end":{"line":91,"column":17}},"38":{"start":{"line":103,"column":0},"end":{"line":125,"column":2}},"39":{"start":{"line":104,"column":20},"end":{"line":104,"column":22}},"40":{"start":{"line":106,"column":4},"end":{"line":107,"column":48}},"41":{"start":{"line":106,"column":17},"end":{"line":106,"column":18}},"42":{"start":{"line":107,"column":8},"end":{"line":107,"column":48}},"43":{"start":{"line":109,"column":15},"end":{"line":109,"column":17}},"44":{"start":{"line":111,"column":4},"end":{"line":123,"column":5}},"45":{"start":{"line":111,"column":16},"end":{"line":111,"column":17}},"46":{"start":{"line":112,"column":8},"end":{"line":122,"column":9}},"47":{"start":{"line":113,"column":12},"end":{"line":118,"column":13}},"48":{"start":{"line":114,"column":16},"end":{"line":114,"column":65}},"49":{"start":{"line":117,"column":16},"end":{"line":117,"column":64}},"50":{"start":{"line":121,"column":12},"end":{"line":121,"column":56}},"51":{"start":{"line":124,"column":4},"end":{"line":124,"column":18}},"52":{"start":{"line":127,"column":0},"end":{"line":146,"column":2}},"53":{"start":{"line":128,"column":16},"end":{"line":128,"column":17}},"54":{"start":{"line":129,"column":15},"end":{"line":129,"column":16}},"55":{"start":{"line":131,"column":4},"end":{"line":131,"column":17}},"56":{"start":{"line":132,"column":4},"end":{"line":140,"column":5}},"57":{"start":{"line":132,"column":18},"end":{"line":132,"column":19}},"58":{"start":{"line":133,"column":8},"end":{"line":138,"column":9}},"59":{"start":{"line":134,"column":12},"end":{"line":134,"column":19}},"60":{"start":{"line":136,"column":12},"end":{"line":136,"column":36}},"61":{"start":{"line":137,"column":12},"end":{"line":137,"column":21}},"62":{"start":{"line":141,"column":4},"end":{"line":143,"column":5}},"63":{"start":{"line":142,"column":8},"end":{"line":142,"column":32}},"64":{"start":{"line":145,"column":4},"end":{"line":145,"column":17}},"65":{"start":{"line":148,"column":0},"end":{"line":148,"column":22}}},"fnMap":{"0":{"name":"(anonymous_0)","decl":{"start":{"line":2,"column":17},"end":{"line":2,"column":18}},"loc":{"start":{"line":2,"column":24},"end":{"line":16,"column":1}},"line":2},"1":{"name":"(anonymous_1)","decl":{"start":{"line":26,"column":15},"end":{"line":26,"column":16}},"loc":{"start":{"line":26,"column":28},"end":{"line":37,"column":1}},"line":26},"2":{"name":"(anonymous_2)","decl":{"start":{"line":49,"column":16},"end":{"line":49,"column":17}},"loc":{"start":{"line":49,"column":28},"end":{"line":60,"column":1}},"line":49},"3":{"name":"(anonymous_3)","decl":{"start":{"line":74,"column":16},"end":{"line":74,"column":17}},"loc":{"start":{"line":74,"column":28},"end":{"line":92,"column":1}},"line":74},"4":{"name":"(anonymous_4)","decl":{"start":{"line":103,"column":14},"end":{"line":103,"column":15}},"loc":{"start":{"line":103,"column":32},"end":{"line":125,"column":1}},"line":103},"5":{"name":"(anonymous_5)","decl":{"start":{"line":127,"column":13},"end":{"line":127,"column":14}},"loc":{"start":{"line":127,"column":29},"end":{"line":146,"column":1}},"line":127}},"branchMap":{"0":{"loc":{"start":{"line":3,"column":4},"end":{"line":5,"column":5}},"type":"if","locations":[{"start":{"line":3,"column":4},"end":{"line":5,"column":5}},{"start":{"line":3,"column":4},"end":{"line":5,"column":5}}],"line":3},"1":{"loc":{"start":{"line":7,"column":4},"end":{"line":9,"column":5}},"type":"if","locations":[{"start":{"line":7,"column":4},"end":{"line":9,"column":5}},{"start":{"line":7,"column":4},"end":{"line":9,"column":5}}],"line":7},"2":{"loc":{"start":{"line":11,"column":4},"end":{"line":13,"column":5}},"type":"if","locations":[{"start":{"line":11,"column":4},"end":{"line":13,"column":5}},{"start":{"line":11,"column":4},"end":{"line":13,"column":5}}],"line":11},"3":{"loc":{"start":{"line":27,"column":4},"end":{"line":29,"column":5}},"type":"if","locations":[{"start":{"line":27,"column":4},"end":{"line":29,"column":5}},{"start":{"line":27,"column":4},"end":{"line":29,"column":5}}],"line":27},"4":{"loc":{"start":{"line":27,"column":8},"end":{"line":27,"column":26}},"type":"binary-expr","locations":[{"start":{"line":27,"column":8},"end":{"line":27,"column":15}},{"start":{"line":27,"column":19},"end":{"line":27,"column":26}}],"line":27},"5":{"loc":{"start":{"line":30,"column":4},"end":{"line":32,"column":5}},"type":"if","locations":[{"start":{"line":30,"column":4},"end":{"line":32,"column":5}},{"start":{"line":30,"column":4},"end":{"line":32,"column":5}}],"line":30},"6":{"loc":{"start":{"line":34,"column":8},"end":{"line":34,"column":38}},"type":"if","locations":[{"start":{"line":34,"column":8},"end":{"line":34,"column":38}},{"start":{"line":34,"column":8},"end":{"line":34,"column":38}}],"line":34},"7":{"loc":{"start":{"line":54,"column":8},"end":{"line":56,"column":9}},"type":"if","locations":[{"start":{"line":54,"column":8},"end":{"line":56,"column":9}},{"start":{"line":54,"column":8},"end":{"line":56,"column":9}}],"line":54},"8":{"loc":{"start":{"line":78,"column":8},"end":{"line":89,"column":9}},"type":"if","locations":[{"start":{"line":78,"column":8},"end":{"line":89,"column":9}},{"start":{"line":78,"column":8},"end":{"line":89,"column":9}}],"line":78},"9":{"loc":{"start":{"line":81,"column":13},"end":{"line":89,"column":9}},"type":"if","locations":[{"start":{"line":81,"column":13},"end":{"line":89,"column":9}},{"start":{"line":81,"column":13},"end":{"line":89,"column":9}}],"line":81},"10":{"loc":{"start":{"line":84,"column":13},"end":{"line":89,"column":9}},"type":"if","locations":[{"start":{"line":84,"column":13},"end":{"line":89,"column":9}},{"start":{"line":84,"column":13},"end":{"line":89,"column":9}}],"line":84},"11":{"loc":{"start":{"line":112,"column":8},"end":{"line":122,"column":9}},"type":"if","locations":[{"start":{"line":112,"column":8},"end":{"line":122,"column":9}},{"start":{"line":112,"column":8},"end":{"line":122,"column":9}}],"line":112},"12":{"loc":{"start":{"line":112,"column":11},"end":{"line":112,"column":96}},"type":"binary-expr","locations":[{"start":{"line":112,"column":11},"end":{"line":112,"column":29}},{"start":{"line":112,"column":33},"end":{"line":112,"column":51}},{"start":{"line":112,"column":55},"end":{"line":112,"column":73}},{"start":{"line":112,"column":77},"end":{"line":112,"column":96}}],"line":112},"13":{"loc":{"start":{"line":113,"column":12},"end":{"line":118,"column":13}},"type":"if","locations":[{"start":{"line":113,"column":12},"end":{"line":118,"column":13}},{"start":{"line":113,"column":12},"end":{"line":118,"column":13}}],"line":113},"14":{"loc":{"start":{"line":113,"column":15},"end":{"line":113,"column":58}},"type":"binary-expr","locations":[{"start":{"line":113,"column":15},"end":{"line":113,"column":34}},{"start":{"line":113,"column":38},"end":{"line":113,"column":58}}],"line":113},"15":{"loc":{"start":{"line":133,"column":8},"end":{"line":138,"column":9}},"type":"if","locations":[{"start":{"line":133,"column":8},"end":{"line":138,"column":9}},{"start":{"line":133,"column":8},"end":{"line":138,"column":9}}],"line":133},"16":{"loc":{"start":{"line":141,"column":4},"end":{"line":143,"column":5}},"type":"if","locations":[{"start":{"line":141,"column":4},"end":{"line":143,"column":5}},{"start":{"line":141,"column":4},"end":{"line":143,"column":5}}],"line":141}},"s":{"0":1,"1":1,"2":11,"3":3,"4":8,"5":1,"6":7,"7":1,"8":6,"9":1,"10":21,"11":2,"12":19,"13":1,"14":18,"15":18,"16":92,"17":7,"18":11,"19":1,"20":2,"21":2,"22":2,"23":12,"24":7,"25":2,"26":1,"27":1,"28":1,"29":1,"30":15,"31":1,"32":14,"33":4,"34":10,"35":2,"36":8,"37":1,"38":1,"39":4,"40":4,"41":4,"42":25,"43":4,"44":4,"45":4,"46":25,"47":24,"48":0,"49":24,"50":1,"51":4,"52":1,"53":4,"54":4,"55":4,"56":4,"57":4,"58":11,"59":8,"60":3,"61":3,"62":4,"63":3,"64":4,"65":1},"f":{"0":11,"1":21,"2":2,"3":1,"4":4,"5":4},"b":{"0":[3,8],"1":[1,7],"2":[1,6],"3":[2,19],"4":[21,20],"5":[1,18],"6":[7,85],"7":[7,5],"8":[1,14],"9":[4,10],"10":[2,8],"11":[24,1],"12":[25,24,17,16],"13":[0,24],"14":[24,24],"15":[8,3],"16":[3,1]},"_coverageSchema":"43e27e138ebf9cfc5966b082cf9a028302ed4184","hash":"03abf84cc58c19130b39ba6216471780a8224b50"}
}
