TN:
SF:/home/albert/Documents/2A/SoftwareTesting/tp-jest/src/book.repository.js
FN:6,(anonymous_0)
FN:10,(anonymous_1)
FN:17,(anonymous_2)
FN:24,(anonymous_3)
FN:32,(anonymous_4)
FN:55,(anonymous_5)
FNF:6
FNH:2
FNDA:1,(anonymous_0)
FNDA:1,(anonymous_1)
FNDA:0,(anonymous_2)
FNDA:0,(anonymous_3)
FNDA:0,(anonymous_4)
FNDA:0,(anonymous_5)
DA:7,1
DA:11,1
DA:62,1
LF:3
LH:3
BRF:0
BRH:0
end_of_record
TN:
SF:/home/albert/Documents/2A/SoftwareTesting/tp-jest/src/interval.js
FN:2,(anonymous_0)
FN:7,(anonymous_1)
FN:25,(anonymous_2)
FN:45,(anonymous_3)
FN:65,(anonymous_4)
FN:93,(anonymous_5)
FN:134,(anonymous_6)
FNF:7
FNH:7
FNDA:36,(anonymous_0)
FNDA:11,(anonymous_1)
FNDA:13,(anonymous_2)
FNDA:2,(anonymous_3)
FNDA:4,(anonymous_4)
FNDA:7,(anonymous_5)
FNDA:5,(anonymous_6)
DA:3,36
DA:4,36
DA:8,11
DA:26,13
DA:46,2
DA:66,4
DA:67,4
DA:68,1
DA:71,3
DA:74,4
DA:94,7
DA:96,7
DA:98,5
DA:99,5
DA:101,5
DA:102,2
DA:104,3
DA:107,5
DA:108,4
DA:110,1
DA:112,5
DA:113,5
DA:115,7
DA:135,5
DA:136,5
DA:138,5
DA:139,1
DA:140,1
DA:143,4
DA:144,1
DA:145,0
DA:147,1
DA:150,3
DA:151,1
DA:152,0
DA:154,1
DA:157,2
DA:158,1
DA:159,1
DA:161,1
DA:162,1
DA:165,5
DA:169,1
LF:43
LH:41
BRDA:26,0,0,13
BRDA:26,0,1,9
BRDA:46,1,0,2
BRDA:46,1,1,1
BRDA:67,2,0,1
BRDA:67,2,1,3
BRDA:68,3,0,1
BRDA:68,3,1,0
BRDA:68,4,0,1
BRDA:68,4,1,0
BRDA:96,5,0,5
BRDA:96,5,1,2
BRDA:101,6,0,2
BRDA:101,6,1,3
BRDA:107,7,0,4
BRDA:107,7,1,1
BRDA:138,8,0,1
BRDA:138,8,1,4
BRDA:143,9,0,1
BRDA:143,9,1,3
BRDA:144,10,0,0
BRDA:144,10,1,1
BRDA:150,11,0,1
BRDA:150,11,1,2
BRDA:151,12,0,0
BRDA:151,12,1,1
BRDA:157,13,0,1
BRDA:157,13,1,1
BRF:28
BRH:24
end_of_record
TN:
SF:/home/albert/Documents/2A/SoftwareTesting/tp-jest/src/math.js
FN:2,(anonymous_0)
FN:26,(anonymous_1)
FN:49,(anonymous_2)
FN:74,(anonymous_3)
FN:103,(anonymous_4)
FN:127,(anonymous_5)
FNF:6
FNH:6
FNDA:11,(anonymous_0)
FNDA:21,(anonymous_1)
FNDA:2,(anonymous_2)
FNDA:1,(anonymous_3)
FNDA:4,(anonymous_4)
FNDA:4,(anonymous_5)
DA:1,1
DA:2,1
DA:3,11
DA:4,3
DA:7,8
DA:8,1
DA:11,7
DA:12,1
DA:15,6
DA:26,1
DA:27,21
DA:28,2
DA:30,19
DA:31,1
DA:33,18
DA:34,92
DA:35,11
DA:49,1
DA:51,2
DA:53,2
DA:54,12
DA:55,7
DA:59,2
DA:74,1
DA:75,1
DA:77,1
DA:78,15
DA:79,1
DA:81,14
DA:82,4
DA:84,10
DA:85,2
DA:88,8
DA:91,1
DA:103,1
DA:104,4
DA:106,4
DA:107,25
DA:109,4
DA:111,4
DA:112,25
DA:113,24
DA:114,0
DA:117,24
DA:121,1
DA:124,4
DA:127,1
DA:128,4
DA:129,4
DA:131,4
DA:132,4
DA:133,11
DA:134,8
DA:136,3
DA:137,3
DA:141,4
DA:142,3
DA:145,4
DA:148,1
LF:59
LH:58
BRDA:3,0,0,3
BRDA:3,0,1,8
BRDA:7,1,0,1
BRDA:7,1,1,7
BRDA:11,2,0,1
BRDA:11,2,1,6
BRDA:27,3,0,2
BRDA:27,3,1,19
BRDA:27,4,0,21
BRDA:27,4,1,20
BRDA:30,5,0,1
BRDA:30,5,1,18
BRDA:34,6,0,7
BRDA:34,6,1,85
BRDA:54,7,0,7
BRDA:54,7,1,5
BRDA:78,8,0,1
BRDA:78,8,1,14
BRDA:81,9,0,4
BRDA:81,9,1,10
BRDA:84,10,0,2
BRDA:84,10,1,8
BRDA:112,11,0,24
BRDA:112,11,1,1
BRDA:112,12,0,25
BRDA:112,12,1,24
BRDA:112,12,2,17
BRDA:112,12,3,16
BRDA:113,13,0,0
BRDA:113,13,1,24
BRDA:113,14,0,24
BRDA:113,14,1,24
BRDA:133,15,0,8
BRDA:133,15,1,3
BRDA:141,16,0,3
BRDA:141,16,1,1
BRF:36
BRH:35
end_of_record
